<?xml version="1.0" encoding="UTF-8"?>
<testng-results ignored="0" total="1" passed="1" failed="0" skipped="0">
  <reporter-output>
  </reporter-output>
  <suite started-at="2022-12-08T20:49:22 EST" name="paramsuite" finished-at="2022-12-08T20:49:55 EST" duration-ms="32596">
    <groups>
    </groups>
    <test started-at="2022-12-08T20:49:22 EST" name="chrometest" finished-at="2022-12-08T20:49:55 EST" duration-ms="32596">
      <class name="testCases.TC_002_LoginTest">
        <test-method is-config="true" signature="setup(java.lang.String)[pri:0, instance:testCases.TC_002_LoginTest@4bb33f74]" started-at="2022-12-08T20:49:23 EST" name="setup" finished-at="2022-12-08T20:49:38 EST" duration-ms="14665" status="PASS">
          <params>
            <param index="0">
              <value>
                <![CDATA[chrome]]>
              </value>
            </param>
          </params>
          <reporter-output>
          </reporter-output>
        </test-method> <!-- setup -->
        <test-method signature="test_Login()[pri:0, instance:testCases.TC_002_LoginTest@4bb33f74]" started-at="2022-12-08T20:49:38 EST" name="test_Login" finished-at="2022-12-08T20:49:55 EST" duration-ms="17181" status="PASS">
          <reporter-output>
          </reporter-output>
        </test-method> <!-- test_Login -->
      </class> <!-- testCases.TC_002_LoginTest -->
    </test> <!-- chrometest -->
  </suite> <!-- paramsuite -->
</testng-results>
